<?xml version="1.0" encoding="UTF-8"?>
<!-- Generated by org.testng.reporters.JUnitXMLReporter -->
<testsuite hostname="DESKTOP-U4R5QIM" ignored="0" name="Library Test" tests="55" failures="2" timestamp="25 Feb 2019 12:27:41 GMT" time="10.471" errors="0">
  <testcase name="addAuthor" time="0.006" classname="com.angile.LibraryTest.AuthorDaoTestNg"/>
  <testcase name="addAuthor" time="0.002" classname="com.angile.LibraryTest.AuthorDaoTestNg"/>
  <testcase name="addAuthor" time="0.002" classname="com.angile.LibraryTest.AuthorDaoTestNg"/>
  <testcase name="addAuthor" time="0.001" classname="com.angile.LibraryTest.AuthorDaoTestNg"/>
  <testcase name="addAuthor" time="0.001" classname="com.angile.LibraryTest.AuthorDaoTestNg"/>
  <testcase name="addAuthor" time="0.001" classname="com.angile.LibraryTest.AuthorDaoTestNg"/>
  <testcase name="addAuthor" time="0.0" classname="com.angile.LibraryTest.AuthorDaoTestNg"/>
  <testcase name="addAuthor" time="0.0" classname="com.angile.LibraryTest.AuthorDaoTestNg"/>
  <testcase name="addAuthor" time="0.001" classname="com.angile.LibraryTest.AuthorDaoTestNg"/>
  <testcase name="addAuthor" time="0.001" classname="com.angile.LibraryTest.AuthorDaoTestNg"/>
  <testcase name="addBook" time="0.001" classname="com.angile.LibraryTest.BookTest"/>
  <testcase name="addBook" time="0.0" classname="com.angile.LibraryTest.BookTest"/>
  <testcase name="addBook" time="0.001" classname="com.angile.LibraryTest.BookTest"/>
  <testcase name="addBook" time="0.001" classname="com.angile.LibraryTest.BookTest"/>
  <testcase name="addBook" time="0.0" classname="com.angile.LibraryTest.BookTest"/>
  <testcase name="addBook" time="0.001" classname="com.angile.LibraryTest.BookTest"/>
  <testcase name="addBook" time="0.001" classname="com.angile.LibraryTest.BookTest"/>
  <testcase name="addBook" time="0.0" classname="com.angile.LibraryTest.BookTest"/>
  <testcase name="addBook" time="0.001" classname="com.angile.LibraryTest.BookTest"/>
  <testcase name="addBook" time="0.0" classname="com.angile.LibraryTest.BookTest"/>
  <testcase name="addBook" time="0.0" classname="com.angile.LibraryTest.BookTest"/>
  <testcase name="addBook" time="0.001" classname="com.angile.LibraryTest.BookTest"/>
  <testcase name="addBook2" time="0.001" classname="com.angile.LibraryTest.BookTest"/>
  <testcase name="addBook2" time="0.001" classname="com.angile.LibraryTest.BookTest"/>
  <testcase name="addBook2" time="0.001" classname="com.angile.LibraryTest.BookTest"/>
  <testcase name="addBook2" time="0.001" classname="com.angile.LibraryTest.BookTest"/>
  <testcase name="addBook2" time="0.001" classname="com.angile.LibraryTest.BookTest"/>
  <testcase name="addBook2" time="0.001" classname="com.angile.LibraryTest.BookTest"/>
  <testcase name="addBook2" time="0.0" classname="com.angile.LibraryTest.BookTest"/>
  <testcase name="addBook2" time="0.001" classname="com.angile.LibraryTest.BookTest"/>
  <testcase name="addBook2" time="0.0" classname="com.angile.LibraryTest.BookTest"/>
  <testcase name="addBook2" time="0.002" classname="com.angile.LibraryTest.BookTest"/>
  <testcase name="addBook2" time="0.001" classname="com.angile.LibraryTest.BookTest"/>
  <testcase name="addBook2" time="0.0" classname="com.angile.LibraryTest.BookTest"/>
  <testcase name="addBook3" time="0.001" classname="com.angile.LibraryTest.BookTest"/>
  <testcase name="addBook3" time="0.001" classname="com.angile.LibraryTest.BookTest"/>
  <testcase name="addBook3" time="0.001" classname="com.angile.LibraryTest.BookTest"/>
  <testcase name="addBook3" time="0.001" classname="com.angile.LibraryTest.BookTest"/>
  <testcase name="addBook3" time="0.0" classname="com.angile.LibraryTest.BookTest"/>
  <testcase name="addBook3" time="0.001" classname="com.angile.LibraryTest.BookTest"/>
  <testcase name="addBook3" time="0.001" classname="com.angile.LibraryTest.BookTest"/>
  <testcase name="addBook3" time="0.001" classname="com.angile.LibraryTest.BookTest"/>
  <testcase name="addBook3" time="0.001" classname="com.angile.LibraryTest.BookTest"/>
  <testcase name="addPublishing" time="0.0" classname="com.angile.LibraryTest.PlubhingTest"/>
  <testcase name="addPublishing" time="0.001" classname="com.angile.LibraryTest.PlubhingTest"/>
  <testcase name="addPublishing" time="0.0" classname="com.angile.LibraryTest.PlubhingTest"/>
  <testcase name="addPublishing" time="0.0" classname="com.angile.LibraryTest.PlubhingTest"/>
  <testcase name="addPublishing" time="0.0" classname="com.angile.LibraryTest.PlubhingTest"/>
  <testcase name="addPublishing" time="0.0" classname="com.angile.LibraryTest.PlubhingTest"/>
  <testcase name="addPublishing" time="0.001" classname="com.angile.LibraryTest.PlubhingTest"/>
  <testcase name="addPublishing" time="0.001" classname="com.angile.LibraryTest.PlubhingTest"/>
  <testcase name="addPublishing" time="0.0" classname="com.angile.LibraryTest.PlubhingTest"/>
  <testcase name="addPublishing" time="0.21" classname="com.angile.LibraryTest.PlubhingTest">
    <failure type="java.lang.AssertionError" message="expected [false] but found [true]">
      <![CDATA[java.lang.AssertionError: expected [false] but found [true]
at com.angile.LibraryTest.PlubhingTest.addPublishing(PlubhingTest.java:35)
... Removed 31 stack frames]]>
    </failure>
  </testcase> <!-- addPublishing -->
  <testcase name="addTheme" time="0.077" classname="com.angile.LibraryTest.ThemeTest">
    <failure type="java.lang.AssertionError" message="expected [false] but found [true]">
      <![CDATA[java.lang.AssertionError: expected [false] but found [true]
at com.angile.LibraryTest.ThemeTest.addTheme(ThemeTest.java:25)
... Removed 31 stack frames]]>
    </failure>
  </testcase> <!-- addTheme -->
  <testcase name="addTheme" time="0.001" classname="com.angile.LibraryTest.ThemeTest"/>
</testsuite> <!-- Library Test -->
