<?xml version="1.0" encoding="UTF-8"?>
<testng-results skipped="0" failed="2" ignored="0" total="55" passed="53">
  <reporter-output>
  </reporter-output>
  <suite name="Test Suite" duration-ms="12025" started-at="2019-02-27T12:08:44Z" finished-at="2019-02-27T12:08:56Z">
    <groups>
      <group name="Book">
        <method signature="BookTest.addBook(java.lang.String, java.lang.String, java.lang.String, java.lang.String, java.lang.String, java.lang.String, java.lang.String, java.lang.String, java.lang.String)[pri:0, instance:com.angile.LibraryTest.BookTest@3ffc5af1]" name="addBook" class="com.angile.LibraryTest.BookTest"/>
        <method signature="BookTest.addBook2(java.lang.String, java.lang.String, java.lang.String, java.lang.String, java.lang.String, java.lang.String, java.lang.String, java.lang.String, java.lang.String)[pri:0, instance:com.angile.LibraryTest.BookTest@3ffc5af1]" name="addBook2" class="com.angile.LibraryTest.BookTest"/>
        <method signature="BookTest.addBook3(java.lang.String, java.lang.String, java.lang.String, java.lang.String, java.lang.String, java.lang.String, java.lang.String, java.lang.String, java.lang.String)[pri:0, instance:com.angile.LibraryTest.BookTest@3ffc5af1]" name="addBook3" class="com.angile.LibraryTest.BookTest"/>
      </group> <!-- Book -->
      <group name="Plublishing">
        <method signature="PlubhingTest.addPublishing(java.lang.String, java.lang.String, java.lang.String, java.lang.String)[pri:0, instance:com.angile.LibraryTest.PlubhingTest@5e5792a0]" name="addPublishing" class="com.angile.LibraryTest.PlubhingTest"/>
      </group> <!-- Plublishing -->
      <group name="Author">
        <method signature="AuthorDaoTestNg.addAuthor(java.lang.String, java.lang.String, java.lang.String, java.lang.String)[pri:0, instance:com.angile.LibraryTest.AuthorDaoTestNg@3532ec19]" name="addAuthor" class="com.angile.LibraryTest.AuthorDaoTestNg"/>
      </group> <!-- Author -->
      <group name="Theme">
        <method signature="ThemeTest.addTheme(java.lang.String)[pri:0, instance:com.angile.LibraryTest.ThemeTest@26653222]" name="addTheme" class="com.angile.LibraryTest.ThemeTest"/>
      </group> <!-- Theme -->
    </groups>
    <test name="Library Test" duration-ms="12025" started-at="2019-02-27T12:08:44Z" finished-at="2019-02-27T12:08:56Z">
      <class name="com.angile.LibraryTest.PlubhingTest">
        <test-method status="PASS" signature="addPublishing(java.lang.String, java.lang.String, java.lang.String, java.lang.String)[pri:0, instance:com.angile.LibraryTest.PlubhingTest@5e5792a0]" name="addPublishing" duration-ms="0" started-at="2019-02-27T12:08:55Z" data-provider="DataTest" finished-at="2019-02-27T12:08:55Z">
          <params>
            <param index="0">
              <value>
                <![CDATA[NBX Hà N?i]]>
              </value>
            </param>
            <param index="1">
              <value>
                <![CDATA[abc]]>
              </value>
            </param>
            <param index="2">
              <value>
                <![CDATA[Hà N?i]]>
              </value>
            </param>
            <param index="3">
              <value>
                <![CDATA[khaittph05424@fpt.edu.com]]>
              </value>
            </param>
          </params>
          <reporter-output>
          </reporter-output>
        </test-method> <!-- addPublishing -->
        <test-method status="PASS" signature="addPublishing(java.lang.String, java.lang.String, java.lang.String, java.lang.String)[pri:0, instance:com.angile.LibraryTest.PlubhingTest@5e5792a0]" name="addPublishing" duration-ms="0" started-at="2019-02-27T12:08:55Z" data-provider="DataTest" finished-at="2019-02-27T12:08:55Z">
          <params>
            <param index="0">
              <value>
                <![CDATA[NBX Hà N?i]]>
              </value>
            </param>
            <param index="1">
              <value>
                <![CDATA[0964365479]]>
              </value>
            </param>
            <param index="2">
              <value>
                <![CDATA[Hà N?i]]>
              </value>
            </param>
            <param index="3">
              <value>
                <![CDATA[khaittph05424]]>
              </value>
            </param>
          </params>
          <reporter-output>
          </reporter-output>
        </test-method> <!-- addPublishing -->
        <test-method status="PASS" signature="addPublishing(java.lang.String, java.lang.String, java.lang.String, java.lang.String)[pri:0, instance:com.angile.LibraryTest.PlubhingTest@5e5792a0]" name="addPublishing" duration-ms="0" started-at="2019-02-27T12:08:55Z" data-provider="DataTest" finished-at="2019-02-27T12:08:55Z">
          <params>
            <param index="0">
              <value>
                <![CDATA[NBX Hà N?i]]>
              </value>
            </param>
            <param index="1">
              <value>
                <![CDATA[0964365479]]>
              </value>
            </param>
            <param index="2">
              <value is-null="true"/>
            </param>
            <param index="3">
              <value>
                <![CDATA[khaittph05424@fpt.edu.com]]>
              </value>
            </param>
          </params>
          <reporter-output>
          </reporter-output>
        </test-method> <!-- addPublishing -->
        <test-method status="PASS" signature="addPublishing(java.lang.String, java.lang.String, java.lang.String, java.lang.String)[pri:0, instance:com.angile.LibraryTest.PlubhingTest@5e5792a0]" name="addPublishing" duration-ms="0" started-at="2019-02-27T12:08:55Z" data-provider="DataTest" finished-at="2019-02-27T12:08:55Z">
          <params>
            <param index="0">
              <value>
                <![CDATA[NBX Hà N?i]]>
              </value>
            </param>
            <param index="1">
              <value is-null="true"/>
            </param>
            <param index="2">
              <value>
                <![CDATA[Hà N?i]]>
              </value>
            </param>
            <param index="3">
              <value>
                <![CDATA[khaittph05424@fpt.edu.com]]>
              </value>
            </param>
          </params>
          <reporter-output>
          </reporter-output>
        </test-method> <!-- addPublishing -->
        <test-method status="PASS" signature="addPublishing(java.lang.String, java.lang.String, java.lang.String, java.lang.String)[pri:0, instance:com.angile.LibraryTest.PlubhingTest@5e5792a0]" name="addPublishing" duration-ms="0" started-at="2019-02-27T12:08:55Z" data-provider="DataTest" finished-at="2019-02-27T12:08:55Z">
          <params>
            <param index="0">
              <value>
                <![CDATA[NBX Hà N?i]]>
              </value>
            </param>
            <param index="1">
              <value>
                <![CDATA[0964365479]]>
              </value>
            </param>
            <param index="2">
              <value>
                <![CDATA[Hà N?i]]>
              </value>
            </param>
            <param index="3">
              <value is-null="true"/>
            </param>
          </params>
          <reporter-output>
          </reporter-output>
        </test-method> <!-- addPublishing -->
        <test-method status="PASS" signature="addPublishing(java.lang.String, java.lang.String, java.lang.String, java.lang.String)[pri:0, instance:com.angile.LibraryTest.PlubhingTest@5e5792a0]" name="addPublishing" duration-ms="0" started-at="2019-02-27T12:08:55Z" data-provider="DataTest" finished-at="2019-02-27T12:08:55Z">
          <params>
            <param index="0">
              <value is-null="true"/>
            </param>
            <param index="1">
              <value>
                <![CDATA[0964365479]]>
              </value>
            </param>
            <param index="2">
              <value>
                <![CDATA[Hà N?i]]>
              </value>
            </param>
            <param index="3">
              <value>
                <![CDATA[khaittph05424@fpt.edu.com]]>
              </value>
            </param>
          </params>
          <reporter-output>
          </reporter-output>
        </test-method> <!-- addPublishing -->
        <test-method status="PASS" signature="addPublishing(java.lang.String, java.lang.String, java.lang.String, java.lang.String)[pri:0, instance:com.angile.LibraryTest.PlubhingTest@5e5792a0]" name="addPublishing" duration-ms="0" started-at="2019-02-27T12:08:55Z" data-provider="DataTest" finished-at="2019-02-27T12:08:55Z">
          <params>
            <param index="0">
              <value>
                <![CDATA[NBX Hà N?i]]>
              </value>
            </param>
            <param index="1">
              <value>
                <![CDATA[0964365479999]]>
              </value>
            </param>
            <param index="2">
              <value>
                <![CDATA[Hà N?i]]>
              </value>
            </param>
            <param index="3">
              <value>
                <![CDATA[khaittph05424@fpt.edu.com]]>
              </value>
            </param>
          </params>
          <reporter-output>
          </reporter-output>
        </test-method> <!-- addPublishing -->
        <test-method status="PASS" signature="addPublishing(java.lang.String, java.lang.String, java.lang.String, java.lang.String)[pri:0, instance:com.angile.LibraryTest.PlubhingTest@5e5792a0]" name="addPublishing" duration-ms="0" started-at="2019-02-27T12:08:55Z" data-provider="DataTest" finished-at="2019-02-27T12:08:55Z">
          <params>
            <param index="0">
              <value>
                <![CDATA[NBX Hà N?i]]>
              </value>
            </param>
            <param index="1">
              <value>
                <![CDATA[!@#]]>
              </value>
            </param>
            <param index="2">
              <value>
                <![CDATA[Hà N?i]]>
              </value>
            </param>
            <param index="3">
              <value>
                <![CDATA[khaittph05424@fpt.edu.com]]>
              </value>
            </param>
          </params>
          <reporter-output>
          </reporter-output>
        </test-method> <!-- addPublishing -->
        <test-method status="PASS" signature="addPublishing(java.lang.String, java.lang.String, java.lang.String, java.lang.String)[pri:0, instance:com.angile.LibraryTest.PlubhingTest@5e5792a0]" name="addPublishing" duration-ms="246" started-at="2019-02-27T12:08:55Z" data-provider="DataTest" finished-at="2019-02-27T12:08:55Z">
          <params>
            <param index="0">
              <value>
                <![CDATA[NBX Hà N?i]]>
              </value>
            </param>
            <param index="1">
              <value>
                <![CDATA[0964365479]]>
              </value>
            </param>
            <param index="2">
              <value>
                <![CDATA[Hà N?i]]>
              </value>
            </param>
            <param index="3">
              <value>
                <![CDATA[khai@gmail.com]]>
              </value>
            </param>
          </params>
          <reporter-output>
          </reporter-output>
        </test-method> <!-- addPublishing -->
        <test-method status="PASS" signature="addPublishing(java.lang.String, java.lang.String, java.lang.String, java.lang.String)[pri:0, instance:com.angile.LibraryTest.PlubhingTest@5e5792a0]" name="addPublishing" duration-ms="0" started-at="2019-02-27T12:08:55Z" data-provider="DataTest" finished-at="2019-02-27T12:08:55Z">
          <params>
            <param index="0">
              <value>
                <![CDATA[NBX Hà N?i]]>
              </value>
            </param>
            <param index="1">
              <value>
                <![CDATA[123457984]]>
              </value>
            </param>
            <param index="2">
              <value>
                <![CDATA[Hà N?i]]>
              </value>
            </param>
            <param index="3">
              <value>
                <![CDATA[khaittph05424@fpt.edu.com]]>
              </value>
            </param>
          </params>
          <reporter-output>
          </reporter-output>
        </test-method> <!-- addPublishing -->
      </class> <!-- com.angile.LibraryTest.PlubhingTest -->
      <class name="com.angile.LibraryTest.AuthorDaoTestNg">
        <test-method status="PASS" signature="beforeMethod()[pri:0, instance:com.angile.LibraryTest.AuthorDaoTestNg@3532ec19]" name="beforeMethod" is-config="true" duration-ms="555" started-at="2019-02-27T12:08:48Z" finished-at="2019-02-27T12:08:49Z">
          <reporter-output>
          </reporter-output>
        </test-method> <!-- beforeMethod -->
        <test-method status="PASS" signature="addAuthor(java.lang.String, java.lang.String, java.lang.String, java.lang.String)[pri:0, instance:com.angile.LibraryTest.AuthorDaoTestNg@3532ec19]" name="addAuthor" duration-ms="0" started-at="2019-02-27T12:08:49Z" data-provider="dataTest" finished-at="2019-02-27T12:08:49Z">
          <params>
            <param index="0">
              <value is-null="true"/>
            </param>
            <param index="1">
              <value>
                <![CDATA[0964365479]]>
              </value>
            </param>
            <param index="2">
              <value>
                <![CDATA[Hà N?i]]>
              </value>
            </param>
            <param index="3">
              <value>
                <![CDATA[khaittph05424@fpt.edu.com]]>
              </value>
            </param>
          </params>
          <reporter-output>
          </reporter-output>
        </test-method> <!-- addAuthor -->
        <test-method status="PASS" signature="afterMethod()[pri:0, instance:com.angile.LibraryTest.AuthorDaoTestNg@3532ec19]" name="afterMethod" is-config="true" duration-ms="15" started-at="2019-02-27T12:08:49Z" finished-at="2019-02-27T12:08:49Z">
          <reporter-output>
          </reporter-output>
        </test-method> <!-- afterMethod -->
        <test-method status="PASS" signature="beforeMethod()[pri:0, instance:com.angile.LibraryTest.AuthorDaoTestNg@3532ec19]" name="beforeMethod" is-config="true" duration-ms="559" started-at="2019-02-27T12:08:49Z" finished-at="2019-02-27T12:08:49Z">
          <reporter-output>
          </reporter-output>
        </test-method> <!-- beforeMethod -->
        <test-method status="PASS" signature="addAuthor(java.lang.String, java.lang.String, java.lang.String, java.lang.String)[pri:0, instance:com.angile.LibraryTest.AuthorDaoTestNg@3532ec19]" name="addAuthor" duration-ms="1" started-at="2019-02-27T12:08:49Z" data-provider="dataTest" finished-at="2019-02-27T12:08:49Z">
          <params>
            <param index="0">
              <value>
                <![CDATA[Tô Hoài]]>
              </value>
            </param>
            <param index="1">
              <value>
                <![CDATA[0964365479]]>
              </value>
            </param>
            <param index="2">
              <value is-null="true"/>
            </param>
            <param index="3">
              <value>
                <![CDATA[khaittph05424@fpt.edu.com]]>
              </value>
            </param>
          </params>
          <reporter-output>
          </reporter-output>
        </test-method> <!-- addAuthor -->
        <test-method status="PASS" signature="afterMethod()[pri:0, instance:com.angile.LibraryTest.AuthorDaoTestNg@3532ec19]" name="afterMethod" is-config="true" duration-ms="0" started-at="2019-02-27T12:08:49Z" finished-at="2019-02-27T12:08:49Z">
          <reporter-output>
          </reporter-output>
        </test-method> <!-- afterMethod -->
        <test-method status="PASS" signature="beforeMethod()[pri:0, instance:com.angile.LibraryTest.AuthorDaoTestNg@3532ec19]" name="beforeMethod" is-config="true" duration-ms="615" started-at="2019-02-27T12:08:49Z" finished-at="2019-02-27T12:08:50Z">
          <reporter-output>
          </reporter-output>
        </test-method> <!-- beforeMethod -->
        <test-method status="PASS" signature="addAuthor(java.lang.String, java.lang.String, java.lang.String, java.lang.String)[pri:0, instance:com.angile.LibraryTest.AuthorDaoTestNg@3532ec19]" name="addAuthor" duration-ms="0" started-at="2019-02-27T12:08:50Z" data-provider="dataTest" finished-at="2019-02-27T12:08:50Z">
          <params>
            <param index="0">
              <value>
                <![CDATA[Tô Hoài]]>
              </value>
            </param>
            <param index="1">
              <value is-null="true"/>
            </param>
            <param index="2">
              <value>
                <![CDATA[Hà N?i]]>
              </value>
            </param>
            <param index="3">
              <value>
                <![CDATA[khaittph05424@fpt.edu.com]]>
              </value>
            </param>
          </params>
          <reporter-output>
          </reporter-output>
        </test-method> <!-- addAuthor -->
        <test-method status="PASS" signature="afterMethod()[pri:0, instance:com.angile.LibraryTest.AuthorDaoTestNg@3532ec19]" name="afterMethod" is-config="true" duration-ms="0" started-at="2019-02-27T12:08:50Z" finished-at="2019-02-27T12:08:50Z">
          <reporter-output>
          </reporter-output>
        </test-method> <!-- afterMethod -->
        <test-method status="PASS" signature="beforeMethod()[pri:0, instance:com.angile.LibraryTest.AuthorDaoTestNg@3532ec19]" name="beforeMethod" is-config="true" duration-ms="537" started-at="2019-02-27T12:08:50Z" finished-at="2019-02-27T12:08:51Z">
          <reporter-output>
          </reporter-output>
        </test-method> <!-- beforeMethod -->
        <test-method status="PASS" signature="afterMethod()[pri:0, instance:com.angile.LibraryTest.AuthorDaoTestNg@3532ec19]" name="afterMethod" is-config="true" duration-ms="0" started-at="2019-02-27T12:08:51Z" finished-at="2019-02-27T12:08:51Z">
          <reporter-output>
          </reporter-output>
        </test-method> <!-- afterMethod -->
        <test-method status="PASS" signature="addAuthor(java.lang.String, java.lang.String, java.lang.String, java.lang.String)[pri:0, instance:com.angile.LibraryTest.AuthorDaoTestNg@3532ec19]" name="addAuthor" duration-ms="0" started-at="2019-02-27T12:08:51Z" data-provider="dataTest" finished-at="2019-02-27T12:08:51Z">
          <params>
            <param index="0">
              <value>
                <![CDATA[Tô Hoài]]>
              </value>
            </param>
            <param index="1">
              <value>
                <![CDATA[0964365479]]>
              </value>
            </param>
            <param index="2">
              <value>
                <![CDATA[Hà N?i]]>
              </value>
            </param>
            <param index="3">
              <value is-null="true"/>
            </param>
          </params>
          <reporter-output>
          </reporter-output>
        </test-method> <!-- addAuthor -->
        <test-method status="PASS" signature="beforeMethod()[pri:0, instance:com.angile.LibraryTest.AuthorDaoTestNg@3532ec19]" name="beforeMethod" is-config="true" duration-ms="571" started-at="2019-02-27T12:08:51Z" finished-at="2019-02-27T12:08:51Z">
          <reporter-output>
          </reporter-output>
        </test-method> <!-- beforeMethod -->
        <test-method status="PASS" signature="addAuthor(java.lang.String, java.lang.String, java.lang.String, java.lang.String)[pri:0, instance:com.angile.LibraryTest.AuthorDaoTestNg@3532ec19]" name="addAuthor" duration-ms="0" started-at="2019-02-27T12:08:51Z" data-provider="dataTest" finished-at="2019-02-27T12:08:51Z">
          <params>
            <param index="0">
              <value>
                <![CDATA[Tô Hoài]]>
              </value>
            </param>
            <param index="1">
              <value>
                <![CDATA[123457984]]>
              </value>
            </param>
            <param index="2">
              <value>
                <![CDATA[Hà N?i]]>
              </value>
            </param>
            <param index="3">
              <value>
                <![CDATA[khaittph05424@fpt.edu.com]]>
              </value>
            </param>
          </params>
          <reporter-output>
          </reporter-output>
        </test-method> <!-- addAuthor -->
        <test-method status="PASS" signature="afterMethod()[pri:0, instance:com.angile.LibraryTest.AuthorDaoTestNg@3532ec19]" name="afterMethod" is-config="true" duration-ms="0" started-at="2019-02-27T12:08:51Z" finished-at="2019-02-27T12:08:51Z">
          <reporter-output>
          </reporter-output>
        </test-method> <!-- afterMethod -->
        <test-method status="PASS" signature="beforeMethod()[pri:0, instance:com.angile.LibraryTest.AuthorDaoTestNg@3532ec19]" name="beforeMethod" is-config="true" duration-ms="527" started-at="2019-02-27T12:08:51Z" finished-at="2019-02-27T12:08:52Z">
          <reporter-output>
          </reporter-output>
        </test-method> <!-- beforeMethod -->
        <test-method status="PASS" signature="beforeMethod()[pri:0, instance:com.angile.LibraryTest.AuthorDaoTestNg@3532ec19]" name="beforeMethod" is-config="true" duration-ms="604" started-at="2019-02-27T12:08:52Z" finished-at="2019-02-27T12:08:52Z">
          <reporter-output>
          </reporter-output>
        </test-method> <!-- beforeMethod -->
        <test-method status="PASS" signature="addAuthor(java.lang.String, java.lang.String, java.lang.String, java.lang.String)[pri:0, instance:com.angile.LibraryTest.AuthorDaoTestNg@3532ec19]" name="addAuthor" duration-ms="0" started-at="2019-02-27T12:08:52Z" data-provider="dataTest" finished-at="2019-02-27T12:08:52Z">
          <params>
            <param index="0">
              <value>
                <![CDATA[Tô Hoài]]>
              </value>
            </param>
            <param index="1">
              <value>
                <![CDATA[abc]]>
              </value>
            </param>
            <param index="2">
              <value>
                <![CDATA[Hà N?i]]>
              </value>
            </param>
            <param index="3">
              <value>
                <![CDATA[khaittph05424@fpt.edu.com]]>
              </value>
            </param>
          </params>
          <reporter-output>
          </reporter-output>
        </test-method> <!-- addAuthor -->
        <test-method status="PASS" signature="afterMethod()[pri:0, instance:com.angile.LibraryTest.AuthorDaoTestNg@3532ec19]" name="afterMethod" is-config="true" duration-ms="0" started-at="2019-02-27T12:08:52Z" finished-at="2019-02-27T12:08:52Z">
          <reporter-output>
          </reporter-output>
        </test-method> <!-- afterMethod -->
        <test-method status="PASS" signature="addAuthor(java.lang.String, java.lang.String, java.lang.String, java.lang.String)[pri:0, instance:com.angile.LibraryTest.AuthorDaoTestNg@3532ec19]" name="addAuthor" duration-ms="0" started-at="2019-02-27T12:08:52Z" data-provider="dataTest" finished-at="2019-02-27T12:08:52Z">
          <params>
            <param index="0">
              <value>
                <![CDATA[Tô Hoài]]>
              </value>
            </param>
            <param index="1">
              <value>
                <![CDATA[!@#]]>
              </value>
            </param>
            <param index="2">
              <value>
                <![CDATA[Hà N?i]]>
              </value>
            </param>
            <param index="3">
              <value>
                <![CDATA[khaittph05424@fpt.edu.com]]>
              </value>
            </param>
          </params>
          <reporter-output>
          </reporter-output>
        </test-method> <!-- addAuthor -->
        <test-method status="PASS" signature="beforeMethod()[pri:0, instance:com.angile.LibraryTest.AuthorDaoTestNg@3532ec19]" name="beforeMethod" is-config="true" duration-ms="544" started-at="2019-02-27T12:08:52Z" finished-at="2019-02-27T12:08:53Z">
          <reporter-output>
          </reporter-output>
        </test-method> <!-- beforeMethod -->
        <test-method status="PASS" signature="afterMethod()[pri:0, instance:com.angile.LibraryTest.AuthorDaoTestNg@3532ec19]" name="afterMethod" is-config="true" duration-ms="0" started-at="2019-02-27T12:08:52Z" finished-at="2019-02-27T12:08:52Z">
          <reporter-output>
          </reporter-output>
        </test-method> <!-- afterMethod -->
        <test-method status="PASS" signature="addAuthor(java.lang.String, java.lang.String, java.lang.String, java.lang.String)[pri:0, instance:com.angile.LibraryTest.AuthorDaoTestNg@3532ec19]" name="addAuthor" duration-ms="0" started-at="2019-02-27T12:08:53Z" data-provider="dataTest" finished-at="2019-02-27T12:08:53Z">
          <params>
            <param index="0">
              <value>
                <![CDATA[Tô Hoài]]>
              </value>
            </param>
            <param index="1">
              <value>
                <![CDATA[0964365479999]]>
              </value>
            </param>
            <param index="2">
              <value>
                <![CDATA[Hà N?i]]>
              </value>
            </param>
            <param index="3">
              <value>
                <![CDATA[khaittph05424@fpt.edu.com]]>
              </value>
            </param>
          </params>
          <reporter-output>
          </reporter-output>
        </test-method> <!-- addAuthor -->
        <test-method status="PASS" signature="beforeMethod()[pri:0, instance:com.angile.LibraryTest.AuthorDaoTestNg@3532ec19]" name="beforeMethod" is-config="true" duration-ms="553" started-at="2019-02-27T12:08:53Z" finished-at="2019-02-27T12:08:53Z">
          <reporter-output>
          </reporter-output>
        </test-method> <!-- beforeMethod -->
        <test-method status="PASS" signature="afterMethod()[pri:0, instance:com.angile.LibraryTest.AuthorDaoTestNg@3532ec19]" name="afterMethod" is-config="true" duration-ms="0" started-at="2019-02-27T12:08:53Z" finished-at="2019-02-27T12:08:53Z">
          <reporter-output>
          </reporter-output>
        </test-method> <!-- afterMethod -->
        <test-method status="PASS" signature="afterMethod()[pri:0, instance:com.angile.LibraryTest.AuthorDaoTestNg@3532ec19]" name="afterMethod" is-config="true" duration-ms="0" started-at="2019-02-27T12:08:53Z" finished-at="2019-02-27T12:08:53Z">
          <reporter-output>
          </reporter-output>
        </test-method> <!-- afterMethod -->
        <test-method status="PASS" signature="beforeMethod()[pri:0, instance:com.angile.LibraryTest.AuthorDaoTestNg@3532ec19]" name="beforeMethod" is-config="true" duration-ms="600" started-at="2019-02-27T12:08:53Z" finished-at="2019-02-27T12:08:54Z">
          <reporter-output>
          </reporter-output>
        </test-method> <!-- beforeMethod -->
        <test-method status="PASS" signature="addAuthor(java.lang.String, java.lang.String, java.lang.String, java.lang.String)[pri:0, instance:com.angile.LibraryTest.AuthorDaoTestNg@3532ec19]" name="addAuthor" duration-ms="0" started-at="2019-02-27T12:08:53Z" data-provider="dataTest" finished-at="2019-02-27T12:08:53Z">
          <params>
            <param index="0">
              <value>
                <![CDATA[Tô Hoài]]>
              </value>
            </param>
            <param index="1">
              <value>
                <![CDATA[0964365479]]>
              </value>
            </param>
            <param index="2">
              <value>
                <![CDATA[Hà N?i]]>
              </value>
            </param>
            <param index="3">
              <value>
                <![CDATA[khaittph05424]]>
              </value>
            </param>
          </params>
          <reporter-output>
          </reporter-output>
        </test-method> <!-- addAuthor -->
        <test-method status="PASS" signature="addAuthor(java.lang.String, java.lang.String, java.lang.String, java.lang.String)[pri:0, instance:com.angile.LibraryTest.AuthorDaoTestNg@3532ec19]" name="addAuthor" duration-ms="2" started-at="2019-02-27T12:08:54Z" data-provider="dataTest" finished-at="2019-02-27T12:08:54Z">
          <params>
            <param index="0">
              <value>
                <![CDATA[Tô Hoài]]>
              </value>
            </param>
            <param index="1">
              <value>
                <![CDATA[0964365479]]>
              </value>
            </param>
            <param index="2">
              <value>
                <![CDATA[Hà N?i]]>
              </value>
            </param>
            <param index="3">
              <value>
                <![CDATA[khai@gmail.com]]>
              </value>
            </param>
          </params>
          <reporter-output>
          </reporter-output>
        </test-method> <!-- addAuthor -->
        <test-method status="PASS" signature="afterMethod()[pri:0, instance:com.angile.LibraryTest.AuthorDaoTestNg@3532ec19]" name="afterMethod" is-config="true" duration-ms="0" started-at="2019-02-27T12:08:54Z" finished-at="2019-02-27T12:08:54Z">
          <reporter-output>
          </reporter-output>
        </test-method> <!-- afterMethod -->
      </class> <!-- com.angile.LibraryTest.AuthorDaoTestNg -->
      <class name="com.angile.LibraryTest.BookTest">
        <test-method status="PASS" signature="beforeTest()[pri:0, instance:com.angile.LibraryTest.BookTest@3ffc5af1]" name="beforeTest" is-config="true" duration-ms="3594" started-at="2019-02-27T12:08:44Z" finished-at="2019-02-27T12:08:47Z">
          <reporter-output>
          </reporter-output>
        </test-method> <!-- beforeTest -->
        <test-method status="PASS" signature="beforeTest()[pri:0, instance:com.angile.LibraryTest.PlubhingTest@5e5792a0]" name="beforeTest" is-config="true" duration-ms="598" started-at="2019-02-27T12:08:47Z" finished-at="2019-02-27T12:08:48Z">
          <reporter-output>
          </reporter-output>
        </test-method> <!-- beforeTest -->
        <test-method status="PASS" signature="beforeTest()[pri:0, instance:com.angile.LibraryTest.ThemeTest@26653222]" name="beforeTest" is-config="true" duration-ms="574" started-at="2019-02-27T12:08:48Z" finished-at="2019-02-27T12:08:48Z">
          <reporter-output>
          </reporter-output>
        </test-method> <!-- beforeTest -->
        <test-method status="PASS" signature="deleteAll()[pri:0, instance:com.angile.LibraryTest.BookTest@3ffc5af1]" name="deleteAll" is-config="true" duration-ms="238" started-at="2019-02-27T12:08:54Z" finished-at="2019-02-27T12:08:54Z">
          <reporter-output>
          </reporter-output>
        </test-method> <!-- deleteAll -->
        <test-method status="PASS" signature="addBook(java.lang.String, java.lang.String, java.lang.String, java.lang.String, java.lang.String, java.lang.String, java.lang.String, java.lang.String, java.lang.String)[pri:0, instance:com.angile.LibraryTest.BookTest@3ffc5af1]" name="addBook" duration-ms="1" started-at="2019-02-27T12:08:54Z" data-provider="dataTest1" finished-at="2019-02-27T12:08:54Z">
          <params>
            <param index="0">
              <value is-null="true"/>
            </param>
            <param index="1">
              <value>
                <![CDATA[1]]>
              </value>
            </param>
            <param index="2">
              <value>
                <![CDATA[??c Nhân Tâm]]>
              </value>
            </param>
            <param index="3">
              <value>
                <![CDATA[1]]>
              </value>
            </param>
            <param index="4">
              <value>
                <![CDATA[1997]]>
              </value>
            </param>
            <param index="5">
              <value>
                <![CDATA[20]]>
              </value>
            </param>
            <param index="6">
              <value>
                <![CDATA[300000]]>
              </value>
            </param>
            <param index="7">
              <value>
                <![CDATA[200]]>
              </value>
            </param>
            <param index="8">
              <value>
                <![CDATA[1]]>
              </value>
            </param>
          </params>
          <reporter-output>
          </reporter-output>
        </test-method> <!-- addBook -->
        <test-method status="PASS" signature="deleteAll()[pri:0, instance:com.angile.LibraryTest.BookTest@3ffc5af1]" name="deleteAll" is-config="true" duration-ms="28" started-at="2019-02-27T12:08:54Z" finished-at="2019-02-27T12:08:54Z">
          <reporter-output>
          </reporter-output>
        </test-method> <!-- deleteAll -->
        <test-method status="PASS" signature="addBook(java.lang.String, java.lang.String, java.lang.String, java.lang.String, java.lang.String, java.lang.String, java.lang.String, java.lang.String, java.lang.String)[pri:0, instance:com.angile.LibraryTest.BookTest@3ffc5af1]" name="addBook" duration-ms="0" started-at="2019-02-27T12:08:54Z" data-provider="dataTest1" finished-at="2019-02-27T12:08:54Z">
          <params>
            <param index="0">
              <value>
                <![CDATA[1]]>
              </value>
            </param>
            <param index="1">
              <value is-null="true"/>
            </param>
            <param index="2">
              <value>
                <![CDATA[??c Nhân Tâm]]>
              </value>
            </param>
            <param index="3">
              <value>
                <![CDATA[1]]>
              </value>
            </param>
            <param index="4">
              <value>
                <![CDATA[1997]]>
              </value>
            </param>
            <param index="5">
              <value>
                <![CDATA[20]]>
              </value>
            </param>
            <param index="6">
              <value>
                <![CDATA[300000]]>
              </value>
            </param>
            <param index="7">
              <value>
                <![CDATA[200]]>
              </value>
            </param>
            <param index="8">
              <value>
                <![CDATA[1]]>
              </value>
            </param>
          </params>
          <reporter-output>
          </reporter-output>
        </test-method> <!-- addBook -->
        <test-method status="PASS" signature="deleteAll()[pri:0, instance:com.angile.LibraryTest.BookTest@3ffc5af1]" name="deleteAll" is-config="true" duration-ms="25" started-at="2019-02-27T12:08:54Z" finished-at="2019-02-27T12:08:54Z">
          <reporter-output>
          </reporter-output>
        </test-method> <!-- deleteAll -->
        <test-method status="PASS" signature="addBook(java.lang.String, java.lang.String, java.lang.String, java.lang.String, java.lang.String, java.lang.String, java.lang.String, java.lang.String, java.lang.String)[pri:0, instance:com.angile.LibraryTest.BookTest@3ffc5af1]" name="addBook" duration-ms="2" started-at="2019-02-27T12:08:54Z" data-provider="dataTest1" finished-at="2019-02-27T12:08:54Z">
          <params>
            <param index="0">
              <value>
                <![CDATA[1]]>
              </value>
            </param>
            <param index="1">
              <value>
                <![CDATA[1]]>
              </value>
            </param>
            <param index="2">
              <value is-null="true"/>
            </param>
            <param index="3">
              <value>
                <![CDATA[1]]>
              </value>
            </param>
            <param index="4">
              <value>
                <![CDATA[1997]]>
              </value>
            </param>
            <param index="5">
              <value>
                <![CDATA[20]]>
              </value>
            </param>
            <param index="6">
              <value>
                <![CDATA[300000]]>
              </value>
            </param>
            <param index="7">
              <value>
                <![CDATA[200]]>
              </value>
            </param>
            <param index="8">
              <value>
                <![CDATA[1]]>
              </value>
            </param>
          </params>
          <reporter-output>
          </reporter-output>
        </test-method> <!-- addBook -->
        <test-method status="PASS" signature="deleteAll()[pri:0, instance:com.angile.LibraryTest.BookTest@3ffc5af1]" name="deleteAll" is-config="true" duration-ms="24" started-at="2019-02-27T12:08:54Z" finished-at="2019-02-27T12:08:54Z">
          <reporter-output>
          </reporter-output>
        </test-method> <!-- deleteAll -->
        <test-method status="PASS" signature="addBook(java.lang.String, java.lang.String, java.lang.String, java.lang.String, java.lang.String, java.lang.String, java.lang.String, java.lang.String, java.lang.String)[pri:0, instance:com.angile.LibraryTest.BookTest@3ffc5af1]" name="addBook" duration-ms="1" started-at="2019-02-27T12:08:54Z" data-provider="dataTest1" finished-at="2019-02-27T12:08:54Z">
          <params>
            <param index="0">
              <value>
                <![CDATA[1]]>
              </value>
            </param>
            <param index="1">
              <value>
                <![CDATA[1]]>
              </value>
            </param>
            <param index="2">
              <value>
                <![CDATA[??c Nhân Tâm]]>
              </value>
            </param>
            <param index="3">
              <value is-null="true"/>
            </param>
            <param index="4">
              <value>
                <![CDATA[1997]]>
              </value>
            </param>
            <param index="5">
              <value>
                <![CDATA[20]]>
              </value>
            </param>
            <param index="6">
              <value>
                <![CDATA[300000]]>
              </value>
            </param>
            <param index="7">
              <value>
                <![CDATA[200]]>
              </value>
            </param>
            <param index="8">
              <value>
                <![CDATA[1]]>
              </value>
            </param>
          </params>
          <reporter-output>
          </reporter-output>
        </test-method> <!-- addBook -->
        <test-method status="PASS" signature="deleteAll()[pri:0, instance:com.angile.LibraryTest.BookTest@3ffc5af1]" name="deleteAll" is-config="true" duration-ms="24" started-at="2019-02-27T12:08:54Z" finished-at="2019-02-27T12:08:54Z">
          <reporter-output>
          </reporter-output>
        </test-method> <!-- deleteAll -->
        <test-method status="PASS" signature="addBook(java.lang.String, java.lang.String, java.lang.String, java.lang.String, java.lang.String, java.lang.String, java.lang.String, java.lang.String, java.lang.String)[pri:0, instance:com.angile.LibraryTest.BookTest@3ffc5af1]" name="addBook" duration-ms="1" started-at="2019-02-27T12:08:54Z" data-provider="dataTest1" finished-at="2019-02-27T12:08:54Z">
          <params>
            <param index="0">
              <value>
                <![CDATA[1]]>
              </value>
            </param>
            <param index="1">
              <value>
                <![CDATA[1]]>
              </value>
            </param>
            <param index="2">
              <value>
                <![CDATA[??c Nhân Tâm]]>
              </value>
            </param>
            <param index="3">
              <value>
                <![CDATA[1]]>
              </value>
            </param>
            <param index="4">
              <value is-null="true"/>
            </param>
            <param index="5">
              <value>
                <![CDATA[20]]>
              </value>
            </param>
            <param index="6">
              <value>
                <![CDATA[300000]]>
              </value>
            </param>
            <param index="7">
              <value>
                <![CDATA[200]]>
              </value>
            </param>
            <param index="8">
              <value>
                <![CDATA[1]]>
              </value>
            </param>
          </params>
          <reporter-output>
          </reporter-output>
        </test-method> <!-- addBook -->
        <test-method status="PASS" signature="deleteAll()[pri:0, instance:com.angile.LibraryTest.BookTest@3ffc5af1]" name="deleteAll" is-config="true" duration-ms="28" started-at="2019-02-27T12:08:54Z" finished-at="2019-02-27T12:08:54Z">
          <reporter-output>
          </reporter-output>
        </test-method> <!-- deleteAll -->
        <test-method status="PASS" signature="addBook(java.lang.String, java.lang.String, java.lang.String, java.lang.String, java.lang.String, java.lang.String, java.lang.String, java.lang.String, java.lang.String)[pri:0, instance:com.angile.LibraryTest.BookTest@3ffc5af1]" name="addBook" duration-ms="1" started-at="2019-02-27T12:08:54Z" data-provider="dataTest1" finished-at="2019-02-27T12:08:54Z">
          <params>
            <param index="0">
              <value>
                <![CDATA[1]]>
              </value>
            </param>
            <param index="1">
              <value>
                <![CDATA[1]]>
              </value>
            </param>
            <param index="2">
              <value>
                <![CDATA[??c Nhân Tâm]]>
              </value>
            </param>
            <param index="3">
              <value>
                <![CDATA[ 1]]>
              </value>
            </param>
            <param index="4">
              <value>
                <![CDATA[1997]]>
              </value>
            </param>
            <param index="5">
              <value is-null="true"/>
            </param>
            <param index="6">
              <value>
                <![CDATA[300000]]>
              </value>
            </param>
            <param index="7">
              <value>
                <![CDATA[200]]>
              </value>
            </param>
            <param index="8">
              <value>
                <![CDATA[1]]>
              </value>
            </param>
          </params>
          <reporter-output>
          </reporter-output>
        </test-method> <!-- addBook -->
        <test-method status="PASS" signature="deleteAll()[pri:0, instance:com.angile.LibraryTest.BookTest@3ffc5af1]" name="deleteAll" is-config="true" duration-ms="25" started-at="2019-02-27T12:08:54Z" finished-at="2019-02-27T12:08:54Z">
          <reporter-output>
          </reporter-output>
        </test-method> <!-- deleteAll -->
        <test-method status="PASS" signature="addBook(java.lang.String, java.lang.String, java.lang.String, java.lang.String, java.lang.String, java.lang.String, java.lang.String, java.lang.String, java.lang.String)[pri:0, instance:com.angile.LibraryTest.BookTest@3ffc5af1]" name="addBook" duration-ms="1" started-at="2019-02-27T12:08:54Z" data-provider="dataTest1" finished-at="2019-02-27T12:08:54Z">
          <params>
            <param index="0">
              <value>
                <![CDATA[1]]>
              </value>
            </param>
            <param index="1">
              <value>
                <![CDATA[1]]>
              </value>
            </param>
            <param index="2">
              <value>
                <![CDATA[??c Nhân Tâm]]>
              </value>
            </param>
            <param index="3">
              <value>
                <![CDATA[1]]>
              </value>
            </param>
            <param index="4">
              <value>
                <![CDATA[1997]]>
              </value>
            </param>
            <param index="5">
              <value>
                <![CDATA[20]]>
              </value>
            </param>
            <param index="6">
              <value is-null="true"/>
            </param>
            <param index="7">
              <value>
                <![CDATA[200]]>
              </value>
            </param>
            <param index="8">
              <value>
                <![CDATA[1]]>
              </value>
            </param>
          </params>
          <reporter-output>
          </reporter-output>
        </test-method> <!-- addBook -->
        <test-method status="PASS" signature="deleteAll()[pri:0, instance:com.angile.LibraryTest.BookTest@3ffc5af1]" name="deleteAll" is-config="true" duration-ms="24" started-at="2019-02-27T12:08:54Z" finished-at="2019-02-27T12:08:54Z">
          <reporter-output>
          </reporter-output>
        </test-method> <!-- deleteAll -->
        <test-method status="PASS" signature="addBook(java.lang.String, java.lang.String, java.lang.String, java.lang.String, java.lang.String, java.lang.String, java.lang.String, java.lang.String, java.lang.String)[pri:0, instance:com.angile.LibraryTest.BookTest@3ffc5af1]" name="addBook" duration-ms="1" started-at="2019-02-27T12:08:54Z" data-provider="dataTest1" finished-at="2019-02-27T12:08:54Z">
          <params>
            <param index="0">
              <value>
                <![CDATA[1]]>
              </value>
            </param>
            <param index="1">
              <value>
                <![CDATA[1]]>
              </value>
            </param>
            <param index="2">
              <value>
                <![CDATA[??c Nhân Tâm]]>
              </value>
            </param>
            <param index="3">
              <value>
                <![CDATA[1]]>
              </value>
            </param>
            <param index="4">
              <value>
                <![CDATA[1997]]>
              </value>
            </param>
            <param index="5">
              <value>
                <![CDATA[20]]>
              </value>
            </param>
            <param index="6">
              <value>
                <![CDATA[300000]]>
              </value>
            </param>
            <param index="7">
              <value is-null="true"/>
            </param>
            <param index="8">
              <value>
                <![CDATA[1]]>
              </value>
            </param>
          </params>
          <reporter-output>
          </reporter-output>
        </test-method> <!-- addBook -->
        <test-method status="PASS" signature="deleteAll()[pri:0, instance:com.angile.LibraryTest.BookTest@3ffc5af1]" name="deleteAll" is-config="true" duration-ms="26" started-at="2019-02-27T12:08:54Z" finished-at="2019-02-27T12:08:54Z">
          <reporter-output>
          </reporter-output>
        </test-method> <!-- deleteAll -->
        <test-method status="PASS" signature="addBook(java.lang.String, java.lang.String, java.lang.String, java.lang.String, java.lang.String, java.lang.String, java.lang.String, java.lang.String, java.lang.String)[pri:0, instance:com.angile.LibraryTest.BookTest@3ffc5af1]" name="addBook" duration-ms="1" started-at="2019-02-27T12:08:54Z" data-provider="dataTest1" finished-at="2019-02-27T12:08:54Z">
          <params>
            <param index="0">
              <value>
                <![CDATA[1]]>
              </value>
            </param>
            <param index="1">
              <value>
                <![CDATA[1]]>
              </value>
            </param>
            <param index="2">
              <value>
                <![CDATA[??c Nhân Tâm]]>
              </value>
            </param>
            <param index="3">
              <value>
                <![CDATA[1]]>
              </value>
            </param>
            <param index="4">
              <value>
                <![CDATA[1997]]>
              </value>
            </param>
            <param index="5">
              <value>
                <![CDATA[20]]>
              </value>
            </param>
            <param index="6">
              <value>
                <![CDATA[300000]]>
              </value>
            </param>
            <param index="7">
              <value>
                <![CDATA[200]]>
              </value>
            </param>
            <param index="8">
              <value is-null="true"/>
            </param>
          </params>
          <reporter-output>
          </reporter-output>
        </test-method> <!-- addBook -->
        <test-method status="PASS" signature="deleteAll()[pri:0, instance:com.angile.LibraryTest.BookTest@3ffc5af1]" name="deleteAll" is-config="true" duration-ms="18" started-at="2019-02-27T12:08:54Z" finished-at="2019-02-27T12:08:55Z">
          <reporter-output>
          </reporter-output>
        </test-method> <!-- deleteAll -->
        <test-method status="PASS" signature="deleteAll()[pri:0, instance:com.angile.LibraryTest.BookTest@3ffc5af1]" name="deleteAll" is-config="true" duration-ms="31" started-at="2019-02-27T12:08:55Z" finished-at="2019-02-27T12:08:55Z">
          <reporter-output>
          </reporter-output>
        </test-method> <!-- deleteAll -->
        <test-method status="PASS" signature="addBook(java.lang.String, java.lang.String, java.lang.String, java.lang.String, java.lang.String, java.lang.String, java.lang.String, java.lang.String, java.lang.String)[pri:0, instance:com.angile.LibraryTest.BookTest@3ffc5af1]" name="addBook" duration-ms="0" started-at="2019-02-27T12:08:55Z" data-provider="dataTest1" finished-at="2019-02-27T12:08:55Z">
          <params>
            <param index="0">
              <value>
                <![CDATA[1]]>
              </value>
            </param>
            <param index="1">
              <value>
                <![CDATA[1]]>
              </value>
            </param>
            <param index="2">
              <value>
                <![CDATA[??c Nhân Tâm]]>
              </value>
            </param>
            <param index="3">
              <value>
                <![CDATA[1]]>
              </value>
            </param>
            <param index="4">
              <value>
                <![CDATA[-1997]]>
              </value>
            </param>
            <param index="5">
              <value>
                <![CDATA[20]]>
              </value>
            </param>
            <param index="6">
              <value>
                <![CDATA[300000]]>
              </value>
            </param>
            <param index="7">
              <value>
                <![CDATA[200]]>
              </value>
            </param>
            <param index="8">
              <value>
                <![CDATA[1]]>
              </value>
            </param>
          </params>
          <reporter-output>
          </reporter-output>
        </test-method> <!-- addBook -->
        <test-method status="PASS" signature="deleteAll()[pri:0, instance:com.angile.LibraryTest.BookTest@3ffc5af1]" name="deleteAll" is-config="true" duration-ms="16" started-at="2019-02-27T12:08:55Z" finished-at="2019-02-27T12:08:55Z">
          <reporter-output>
          </reporter-output>
        </test-method> <!-- deleteAll -->
        <test-method status="PASS" signature="addBook(java.lang.String, java.lang.String, java.lang.String, java.lang.String, java.lang.String, java.lang.String, java.lang.String, java.lang.String, java.lang.String)[pri:0, instance:com.angile.LibraryTest.BookTest@3ffc5af1]" name="addBook" duration-ms="0" started-at="2019-02-27T12:08:55Z" data-provider="dataTest1" finished-at="2019-02-27T12:08:55Z">
          <params>
            <param index="0">
              <value>
                <![CDATA[1]]>
              </value>
            </param>
            <param index="1">
              <value>
                <![CDATA[1]]>
              </value>
            </param>
            <param index="2">
              <value>
                <![CDATA[??c Nhân Tâm]]>
              </value>
            </param>
            <param index="3">
              <value>
                <![CDATA[1]]>
              </value>
            </param>
            <param index="4">
              <value>
                <![CDATA[1997]]>
              </value>
            </param>
            <param index="5">
              <value>
                <![CDATA[20]]>
              </value>
            </param>
            <param index="6">
              <value>
                <![CDATA[300000]]>
              </value>
            </param>
            <param index="7">
              <value>
                <![CDATA[200]]>
              </value>
            </param>
            <param index="8">
              <value>
                <![CDATA[abc]]>
              </value>
            </param>
          </params>
          <reporter-output>
          </reporter-output>
        </test-method> <!-- addBook -->
        <test-method status="PASS" signature="addBook(java.lang.String, java.lang.String, java.lang.String, java.lang.String, java.lang.String, java.lang.String, java.lang.String, java.lang.String, java.lang.String)[pri:0, instance:com.angile.LibraryTest.BookTest@3ffc5af1]" name="addBook" duration-ms="0" started-at="2019-02-27T12:08:55Z" data-provider="dataTest1" finished-at="2019-02-27T12:08:55Z">
          <params>
            <param index="0">
              <value>
                <![CDATA[1]]>
              </value>
            </param>
            <param index="1">
              <value>
                <![CDATA[1]]>
              </value>
            </param>
            <param index="2">
              <value>
                <![CDATA[??c Nhân Tâm]]>
              </value>
            </param>
            <param index="3">
              <value>
                <![CDATA[1]]>
              </value>
            </param>
            <param index="4">
              <value>
                <![CDATA[1997]]>
              </value>
            </param>
            <param index="5">
              <value>
                <![CDATA[20]]>
              </value>
            </param>
            <param index="6">
              <value>
                <![CDATA[300000]]>
              </value>
            </param>
            <param index="7">
              <value>
                <![CDATA[200]]>
              </value>
            </param>
            <param index="8">
              <value>
                <![CDATA[!@#]]>
              </value>
            </param>
          </params>
          <reporter-output>
          </reporter-output>
        </test-method> <!-- addBook -->
        <test-method status="PASS" signature="deleteAll()[pri:0, instance:com.angile.LibraryTest.BookTest@3ffc5af1]" name="deleteAll" is-config="true" duration-ms="16" started-at="2019-02-27T12:08:55Z" finished-at="2019-02-27T12:08:55Z">
          <reporter-output>
          </reporter-output>
        </test-method> <!-- deleteAll -->
        <test-method status="PASS" signature="addBook2(java.lang.String, java.lang.String, java.lang.String, java.lang.String, java.lang.String, java.lang.String, java.lang.String, java.lang.String, java.lang.String)[pri:0, instance:com.angile.LibraryTest.BookTest@3ffc5af1]" name="addBook2" duration-ms="0" started-at="2019-02-27T12:08:55Z" data-provider="dataTest2" finished-at="2019-02-27T12:08:55Z">
          <params>
            <param index="0">
              <value>
                <![CDATA[1]]>
              </value>
            </param>
            <param index="1">
              <value>
                <![CDATA[1]]>
              </value>
            </param>
            <param index="2">
              <value>
                <![CDATA[??c Nhân Tâm]]>
              </value>
            </param>
            <param index="3">
              <value>
                <![CDATA[1]]>
              </value>
            </param>
            <param index="4">
              <value>
                <![CDATA[abc]]>
              </value>
            </param>
            <param index="5">
              <value>
                <![CDATA[20]]>
              </value>
            </param>
            <param index="6">
              <value>
                <![CDATA[300000]]>
              </value>
            </param>
            <param index="7">
              <value>
                <![CDATA[200]]>
              </value>
            </param>
            <param index="8">
              <value>
                <![CDATA[1]]>
              </value>
            </param>
          </params>
          <reporter-output>
          </reporter-output>
        </test-method> <!-- addBook2 -->
        <test-method status="PASS" signature="deleteAll()[pri:0, instance:com.angile.LibraryTest.BookTest@3ffc5af1]" name="deleteAll" is-config="true" duration-ms="31" started-at="2019-02-27T12:08:55Z" finished-at="2019-02-27T12:08:55Z">
          <reporter-output>
          </reporter-output>
        </test-method> <!-- deleteAll -->
        <test-method status="PASS" signature="addBook2(java.lang.String, java.lang.String, java.lang.String, java.lang.String, java.lang.String, java.lang.String, java.lang.String, java.lang.String, java.lang.String)[pri:0, instance:com.angile.LibraryTest.BookTest@3ffc5af1]" name="addBook2" duration-ms="0" started-at="2019-02-27T12:08:55Z" data-provider="dataTest2" finished-at="2019-02-27T12:08:55Z">
          <params>
            <param index="0">
              <value>
                <![CDATA[1]]>
              </value>
            </param>
            <param index="1">
              <value>
                <![CDATA[1]]>
              </value>
            </param>
            <param index="2">
              <value>
                <![CDATA[??c Nhân Tâm]]>
              </value>
            </param>
            <param index="3">
              <value>
                <![CDATA[1]]>
              </value>
            </param>
            <param index="4">
              <value>
                <![CDATA[!@#]]>
              </value>
            </param>
            <param index="5">
              <value>
                <![CDATA[20]]>
              </value>
            </param>
            <param index="6">
              <value>
                <![CDATA[300000]]>
              </value>
            </param>
            <param index="7">
              <value>
                <![CDATA[200]]>
              </value>
            </param>
            <param index="8">
              <value>
                <![CDATA[1]]>
              </value>
            </param>
          </params>
          <reporter-output>
          </reporter-output>
        </test-method> <!-- addBook2 -->
        <test-method status="PASS" signature="deleteAll()[pri:0, instance:com.angile.LibraryTest.BookTest@3ffc5af1]" name="deleteAll" is-config="true" duration-ms="32" started-at="2019-02-27T12:08:55Z" finished-at="2019-02-27T12:08:55Z">
          <reporter-output>
          </reporter-output>
        </test-method> <!-- deleteAll -->
        <test-method status="PASS" signature="deleteAll()[pri:0, instance:com.angile.LibraryTest.BookTest@3ffc5af1]" name="deleteAll" is-config="true" duration-ms="15" started-at="2019-02-27T12:08:55Z" finished-at="2019-02-27T12:08:55Z">
          <reporter-output>
          </reporter-output>
        </test-method> <!-- deleteAll -->
        <test-method status="PASS" signature="addBook2(java.lang.String, java.lang.String, java.lang.String, java.lang.String, java.lang.String, java.lang.String, java.lang.String, java.lang.String, java.lang.String)[pri:0, instance:com.angile.LibraryTest.BookTest@3ffc5af1]" name="addBook2" duration-ms="0" started-at="2019-02-27T12:08:55Z" data-provider="dataTest2" finished-at="2019-02-27T12:08:55Z">
          <params>
            <param index="0">
              <value>
                <![CDATA[1]]>
              </value>
            </param>
            <param index="1">
              <value>
                <![CDATA[1]]>
              </value>
            </param>
            <param index="2">
              <value>
                <![CDATA[??c Nhân Tâm]]>
              </value>
            </param>
            <param index="3">
              <value>
                <![CDATA[1]]>
              </value>
            </param>
            <param index="4">
              <value>
                <![CDATA[1997]]>
              </value>
            </param>
            <param index="5">
              <value>
                <![CDATA[-20]]>
              </value>
            </param>
            <param index="6">
              <value>
                <![CDATA[300000]]>
              </value>
            </param>
            <param index="7">
              <value>
                <![CDATA[200]]>
              </value>
            </param>
            <param index="8">
              <value>
                <![CDATA[1]]>
              </value>
            </param>
          </params>
          <reporter-output>
          </reporter-output>
        </test-method> <!-- addBook2 -->
        <test-method status="PASS" signature="deleteAll()[pri:0, instance:com.angile.LibraryTest.BookTest@3ffc5af1]" name="deleteAll" is-config="true" duration-ms="31" started-at="2019-02-27T12:08:55Z" finished-at="2019-02-27T12:08:55Z">
          <reporter-output>
          </reporter-output>
        </test-method> <!-- deleteAll -->
        <test-method status="PASS" signature="addBook2(java.lang.String, java.lang.String, java.lang.String, java.lang.String, java.lang.String, java.lang.String, java.lang.String, java.lang.String, java.lang.String)[pri:0, instance:com.angile.LibraryTest.BookTest@3ffc5af1]" name="addBook2" duration-ms="0" started-at="2019-02-27T12:08:55Z" data-provider="dataTest2" finished-at="2019-02-27T12:08:55Z">
          <params>
            <param index="0">
              <value>
                <![CDATA[1]]>
              </value>
            </param>
            <param index="1">
              <value>
                <![CDATA[1]]>
              </value>
            </param>
            <param index="2">
              <value>
                <![CDATA[??c Nhân Tâm]]>
              </value>
            </param>
            <param index="3">
              <value>
                <![CDATA[1]]>
              </value>
            </param>
            <param index="4">
              <value>
                <![CDATA[1997]]>
              </value>
            </param>
            <param index="5">
              <value>
                <![CDATA[abc]]>
              </value>
            </param>
            <param index="6">
              <value>
                <![CDATA[300000]]>
              </value>
            </param>
            <param index="7">
              <value>
                <![CDATA[200]]>
              </value>
            </param>
            <param index="8">
              <value>
                <![CDATA[1]]>
              </value>
            </param>
          </params>
          <reporter-output>
          </reporter-output>
        </test-method> <!-- addBook2 -->
        <test-method status="PASS" signature="deleteAll()[pri:0, instance:com.angile.LibraryTest.BookTest@3ffc5af1]" name="deleteAll" is-config="true" duration-ms="32" started-at="2019-02-27T12:08:55Z" finished-at="2019-02-27T12:08:55Z">
          <reporter-output>
          </reporter-output>
        </test-method> <!-- deleteAll -->
        <test-method status="PASS" signature="addBook2(java.lang.String, java.lang.String, java.lang.String, java.lang.String, java.lang.String, java.lang.String, java.lang.String, java.lang.String, java.lang.String)[pri:0, instance:com.angile.LibraryTest.BookTest@3ffc5af1]" name="addBook2" duration-ms="0" started-at="2019-02-27T12:08:55Z" data-provider="dataTest2" finished-at="2019-02-27T12:08:55Z">
          <params>
            <param index="0">
              <value>
                <![CDATA[1]]>
              </value>
            </param>
            <param index="1">
              <value>
                <![CDATA[1]]>
              </value>
            </param>
            <param index="2">
              <value>
                <![CDATA[??c Nhân Tâm]]>
              </value>
            </param>
            <param index="3">
              <value>
                <![CDATA[1]]>
              </value>
            </param>
            <param index="4">
              <value>
                <![CDATA[1997]]>
              </value>
            </param>
            <param index="5">
              <value>
                <![CDATA[20]]>
              </value>
            </param>
            <param index="6">
              <value>
                <![CDATA[-300000]]>
              </value>
            </param>
            <param index="7">
              <value>
                <![CDATA[200]]>
              </value>
            </param>
            <param index="8">
              <value>
                <![CDATA[1]]>
              </value>
            </param>
          </params>
          <reporter-output>
          </reporter-output>
        </test-method> <!-- addBook2 -->
        <test-method status="PASS" signature="addBook2(java.lang.String, java.lang.String, java.lang.String, java.lang.String, java.lang.String, java.lang.String, java.lang.String, java.lang.String, java.lang.String)[pri:0, instance:com.angile.LibraryTest.BookTest@3ffc5af1]" name="addBook2" duration-ms="0" started-at="2019-02-27T12:08:55Z" data-provider="dataTest2" finished-at="2019-02-27T12:08:55Z">
          <params>
            <param index="0">
              <value>
                <![CDATA[1]]>
              </value>
            </param>
            <param index="1">
              <value>
                <![CDATA[1]]>
              </value>
            </param>
            <param index="2">
              <value>
                <![CDATA[??c Nhân Tâm]]>
              </value>
            </param>
            <param index="3">
              <value>
                <![CDATA[1]]>
              </value>
            </param>
            <param index="4">
              <value>
                <![CDATA[1997]]>
              </value>
            </param>
            <param index="5">
              <value>
                <![CDATA[20]]>
              </value>
            </param>
            <param index="6">
              <value>
                <![CDATA[abc]]>
              </value>
            </param>
            <param index="7">
              <value>
                <![CDATA[200]]>
              </value>
            </param>
            <param index="8">
              <value>
                <![CDATA[1]]>
              </value>
            </param>
          </params>
          <reporter-output>
          </reporter-output>
        </test-method> <!-- addBook2 -->
        <test-method status="PASS" signature="deleteAll()[pri:0, instance:com.angile.LibraryTest.BookTest@3ffc5af1]" name="deleteAll" is-config="true" duration-ms="15" started-at="2019-02-27T12:08:55Z" finished-at="2019-02-27T12:08:55Z">
          <reporter-output>
          </reporter-output>
        </test-method> <!-- deleteAll -->
        <test-method status="PASS" signature="addBook2(java.lang.String, java.lang.String, java.lang.String, java.lang.String, java.lang.String, java.lang.String, java.lang.String, java.lang.String, java.lang.String)[pri:0, instance:com.angile.LibraryTest.BookTest@3ffc5af1]" name="addBook2" duration-ms="16" started-at="2019-02-27T12:08:55Z" data-provider="dataTest2" finished-at="2019-02-27T12:08:55Z">
          <params>
            <param index="0">
              <value>
                <![CDATA[1]]>
              </value>
            </param>
            <param index="1">
              <value>
                <![CDATA[1]]>
              </value>
            </param>
            <param index="2">
              <value>
                <![CDATA[??c Nhân Tâm]]>
              </value>
            </param>
            <param index="3">
              <value>
                <![CDATA[1]]>
              </value>
            </param>
            <param index="4">
              <value>
                <![CDATA[1997]]>
              </value>
            </param>
            <param index="5">
              <value>
                <![CDATA[20]]>
              </value>
            </param>
            <param index="6">
              <value>
                <![CDATA[!@#]]>
              </value>
            </param>
            <param index="7">
              <value>
                <![CDATA[200]]>
              </value>
            </param>
            <param index="8">
              <value>
                <![CDATA[1]]>
              </value>
            </param>
          </params>
          <reporter-output>
          </reporter-output>
        </test-method> <!-- addBook2 -->
        <test-method status="PASS" signature="deleteAll()[pri:0, instance:com.angile.LibraryTest.BookTest@3ffc5af1]" name="deleteAll" is-config="true" duration-ms="16" started-at="2019-02-27T12:08:55Z" finished-at="2019-02-27T12:08:55Z">
          <reporter-output>
          </reporter-output>
        </test-method> <!-- deleteAll -->
        <test-method status="PASS" signature="addBook2(java.lang.String, java.lang.String, java.lang.String, java.lang.String, java.lang.String, java.lang.String, java.lang.String, java.lang.String, java.lang.String)[pri:0, instance:com.angile.LibraryTest.BookTest@3ffc5af1]" name="addBook2" duration-ms="0" started-at="2019-02-27T12:08:55Z" data-provider="dataTest2" finished-at="2019-02-27T12:08:55Z">
          <params>
            <param index="0">
              <value>
                <![CDATA[1]]>
              </value>
            </param>
            <param index="1">
              <value>
                <![CDATA[1]]>
              </value>
            </param>
            <param index="2">
              <value>
                <![CDATA[??c Nhân Tâm]]>
              </value>
            </param>
            <param index="3">
              <value>
                <![CDATA[1]]>
              </value>
            </param>
            <param index="4">
              <value>
                <![CDATA[1997]]>
              </value>
            </param>
            <param index="5">
              <value>
                <![CDATA[20]]>
              </value>
            </param>
            <param index="6">
              <value>
                <![CDATA[300000]]>
              </value>
            </param>
            <param index="7">
              <value>
                <![CDATA[-200]]>
              </value>
            </param>
            <param index="8">
              <value>
                <![CDATA[1]]>
              </value>
            </param>
          </params>
          <reporter-output>
          </reporter-output>
        </test-method> <!-- addBook2 -->
        <test-method status="PASS" signature="deleteAll()[pri:0, instance:com.angile.LibraryTest.BookTest@3ffc5af1]" name="deleteAll" is-config="true" duration-ms="21" started-at="2019-02-27T12:08:55Z" finished-at="2019-02-27T12:08:55Z">
          <reporter-output>
          </reporter-output>
        </test-method> <!-- deleteAll -->
        <test-method status="PASS" signature="deleteAll()[pri:0, instance:com.angile.LibraryTest.BookTest@3ffc5af1]" name="deleteAll" is-config="true" duration-ms="31" started-at="2019-02-27T12:08:55Z" finished-at="2019-02-27T12:08:55Z">
          <reporter-output>
          </reporter-output>
        </test-method> <!-- deleteAll -->
        <test-method status="PASS" signature="addBook2(java.lang.String, java.lang.String, java.lang.String, java.lang.String, java.lang.String, java.lang.String, java.lang.String, java.lang.String, java.lang.String)[pri:0, instance:com.angile.LibraryTest.BookTest@3ffc5af1]" name="addBook2" duration-ms="0" started-at="2019-02-27T12:08:55Z" data-provider="dataTest2" finished-at="2019-02-27T12:08:55Z">
          <params>
            <param index="0">
              <value>
                <![CDATA[1]]>
              </value>
            </param>
            <param index="1">
              <value>
                <![CDATA[1]]>
              </value>
            </param>
            <param index="2">
              <value>
                <![CDATA[??c Nhân Tâm]]>
              </value>
            </param>
            <param index="3">
              <value>
                <![CDATA[1]]>
              </value>
            </param>
            <param index="4">
              <value>
                <![CDATA[1997]]>
              </value>
            </param>
            <param index="5">
              <value>
                <![CDATA[20]]>
              </value>
            </param>
            <param index="6">
              <value>
                <![CDATA[300000]]>
              </value>
            </param>
            <param index="7">
              <value>
                <![CDATA[abc]]>
              </value>
            </param>
            <param index="8">
              <value>
                <![CDATA[1]]>
              </value>
            </param>
          </params>
          <reporter-output>
          </reporter-output>
        </test-method> <!-- addBook2 -->
        <test-method status="PASS" signature="deleteAll()[pri:0, instance:com.angile.LibraryTest.BookTest@3ffc5af1]" name="deleteAll" is-config="true" duration-ms="47" started-at="2019-02-27T12:08:55Z" finished-at="2019-02-27T12:08:55Z">
          <reporter-output>
          </reporter-output>
        </test-method> <!-- deleteAll -->
        <test-method status="PASS" signature="addBook2(java.lang.String, java.lang.String, java.lang.String, java.lang.String, java.lang.String, java.lang.String, java.lang.String, java.lang.String, java.lang.String)[pri:0, instance:com.angile.LibraryTest.BookTest@3ffc5af1]" name="addBook2" duration-ms="0" started-at="2019-02-27T12:08:55Z" data-provider="dataTest2" finished-at="2019-02-27T12:08:55Z">
          <params>
            <param index="0">
              <value>
                <![CDATA[1]]>
              </value>
            </param>
            <param index="1">
              <value>
                <![CDATA[1]]>
              </value>
            </param>
            <param index="2">
              <value>
                <![CDATA[??c Nhân Tâm]]>
              </value>
            </param>
            <param index="3">
              <value>
                <![CDATA[1]]>
              </value>
            </param>
            <param index="4">
              <value>
                <![CDATA[1997]]>
              </value>
            </param>
            <param index="5">
              <value>
                <![CDATA[20]]>
              </value>
            </param>
            <param index="6">
              <value>
                <![CDATA[300000]]>
              </value>
            </param>
            <param index="7">
              <value>
                <![CDATA[!@#]]>
              </value>
            </param>
            <param index="8">
              <value>
                <![CDATA[1]]>
              </value>
            </param>
          </params>
          <reporter-output>
          </reporter-output>
        </test-method> <!-- addBook2 -->
        <test-method status="PASS" signature="deleteAll()[pri:0, instance:com.angile.LibraryTest.BookTest@3ffc5af1]" name="deleteAll" is-config="true" duration-ms="31" started-at="2019-02-27T12:08:55Z" finished-at="2019-02-27T12:08:55Z">
          <reporter-output>
          </reporter-output>
        </test-method> <!-- deleteAll -->
        <test-method status="PASS" signature="addBook2(java.lang.String, java.lang.String, java.lang.String, java.lang.String, java.lang.String, java.lang.String, java.lang.String, java.lang.String, java.lang.String)[pri:0, instance:com.angile.LibraryTest.BookTest@3ffc5af1]" name="addBook2" duration-ms="0" started-at="2019-02-27T12:08:55Z" data-provider="dataTest2" finished-at="2019-02-27T12:08:55Z">
          <params>
            <param index="0">
              <value>
                <![CDATA[1]]>
              </value>
            </param>
            <param index="1">
              <value>
                <![CDATA[1]]>
              </value>
            </param>
            <param index="2">
              <value>
                <![CDATA[??c Nhân Tâm]]>
              </value>
            </param>
            <param index="3">
              <value>
                <![CDATA[1]]>
              </value>
            </param>
            <param index="4">
              <value>
                <![CDATA[1997]]>
              </value>
            </param>
            <param index="5">
              <value>
                <![CDATA[20]]>
              </value>
            </param>
            <param index="6">
              <value>
                <![CDATA[300000]]>
              </value>
            </param>
            <param index="7">
              <value>
                <![CDATA[200]]>
              </value>
            </param>
            <param index="8">
              <value>
                <![CDATA[-1]]>
              </value>
            </param>
          </params>
          <reporter-output>
          </reporter-output>
        </test-method> <!-- addBook2 -->
        <test-method status="PASS" signature="addBook2(java.lang.String, java.lang.String, java.lang.String, java.lang.String, java.lang.String, java.lang.String, java.lang.String, java.lang.String, java.lang.String)[pri:0, instance:com.angile.LibraryTest.BookTest@3ffc5af1]" name="addBook2" duration-ms="0" started-at="2019-02-27T12:08:55Z" data-provider="dataTest2" finished-at="2019-02-27T12:08:55Z">
          <params>
            <param index="0">
              <value>
                <![CDATA[1]]>
              </value>
            </param>
            <param index="1">
              <value>
                <![CDATA[1]]>
              </value>
            </param>
            <param index="2">
              <value>
                <![CDATA[??c Nhân Tâm]]>
              </value>
            </param>
            <param index="3">
              <value>
                <![CDATA[1]]>
              </value>
            </param>
            <param index="4">
              <value>
                <![CDATA[1997]]>
              </value>
            </param>
            <param index="5">
              <value>
                <![CDATA[20]]>
              </value>
            </param>
            <param index="6">
              <value>
                <![CDATA[300000]]>
              </value>
            </param>
            <param index="7">
              <value>
                <![CDATA[200]]>
              </value>
            </param>
            <param index="8">
              <value>
                <![CDATA[5]]>
              </value>
            </param>
          </params>
          <reporter-output>
          </reporter-output>
        </test-method> <!-- addBook2 -->
        <test-method status="PASS" signature="deleteAll()[pri:0, instance:com.angile.LibraryTest.BookTest@3ffc5af1]" name="deleteAll" is-config="true" duration-ms="31" started-at="2019-02-27T12:08:55Z" finished-at="2019-02-27T12:08:55Z">
          <reporter-output>
          </reporter-output>
        </test-method> <!-- deleteAll -->
        <test-method status="PASS" signature="addBook3(java.lang.String, java.lang.String, java.lang.String, java.lang.String, java.lang.String, java.lang.String, java.lang.String, java.lang.String, java.lang.String)[pri:0, instance:com.angile.LibraryTest.BookTest@3ffc5af1]" name="addBook3" duration-ms="0" started-at="2019-02-27T12:08:55Z" data-provider="dataTest3" finished-at="2019-02-27T12:08:55Z">
          <params>
            <param index="0">
              <value>
                <![CDATA[-1]]>
              </value>
            </param>
            <param index="1">
              <value>
                <![CDATA[1]]>
              </value>
            </param>
            <param index="2">
              <value>
[...]
              </value>
            </param>
            <param index="2">
              <value>
                <![CDATA[??c Nhân Tâm]]>
              </value>
            </param>
            <param index="3">
              <value>
                <![CDATA[1]]>
              </value>
            </param>
            <param index="4">
              <value>
                <![CDATA[abc]]>
              </value>
            </param>
            <param index="5">
              <value>
                <![CDATA[20]]>
              </value>
            </param>
            <param index="6">
              <value>
                <![CDATA[300000]]>
              </value>
            </param>
            <param index="7">
              <value>
                <![CDATA[200]]>
              </value>
            </param>
            <param index="8">
              <value>
                <![CDATA[1]]>
              </value>
            </param>
          </params>
          <reporter-output>
          </reporter-output>
        </test-method> <!-- addBook3 -->
        <test-method status="PASS" signature="deleteAll()[pri:0, instance:com.angile.LibraryTest.BookTest@3ffc5af1]" name="deleteAll" is-config="true" duration-ms="18" started-at="2019-02-27T12:08:55Z" finished-at="2019-02-27T12:08:55Z">
          <reporter-output>
          </reporter-output>
        </test-method> <!-- deleteAll -->
        <test-method status="PASS" signature="addBook3(java.lang.String, java.lang.String, java.lang.String, java.lang.String, java.lang.String, java.lang.String, java.lang.String, java.lang.String, java.lang.String)[pri:0, instance:com.angile.LibraryTest.BookTest@3ffc5af1]" name="addBook3" duration-ms="0" started-at="2019-02-27T12:08:55Z" data-provider="dataTest3" finished-at="2019-02-27T12:08:55Z">
          <params>
            <param index="0">
              <value>
                <![CDATA[1]]>
              </value>
            </param>
            <param index="1">
              <value>
                <![CDATA[abc]]>
              </value>
            </param>
            <param index="2">
              <value>
                <![CDATA[??c Nhân Tâm]]>
              </value>
            </param>
            <param index="3">
              <value>
                <![CDATA[1]]>
              </value>
            </param>
            <param index="4">
              <value>
                <![CDATA[abc]]>
              </value>
            </param>
            <param index="5">
              <value>
                <![CDATA[20]]>
              </value>
            </param>
            <param index="6">
              <value>
                <![CDATA[300000]]>
              </value>
            </param>
            <param index="7">
              <value>
                <![CDATA[200]]>
              </value>
            </param>
            <param index="8">
              <value>
                <![CDATA[1]]>
              </value>
            </param>
          </params>
          <reporter-output>
          </reporter-output>
        </test-method> <!-- addBook3 -->
        <test-method status="PASS" signature="deleteAll()[pri:0, instance:com.angile.LibraryTest.BookTest@3ffc5af1]" name="deleteAll" is-config="true" duration-ms="16" started-at="2019-02-27T12:08:55Z" finished-at="2019-02-27T12:08:55Z">
          <reporter-output>
          </reporter-output>
        </test-method> <!-- deleteAll -->
        <test-method status="PASS" signature="addBook3(java.lang.String, java.lang.String, java.lang.String, java.lang.String, java.lang.String, java.lang.String, java.lang.String, java.lang.String, java.lang.String)[pri:0, instance:com.angile.LibraryTest.BookTest@3ffc5af1]" name="addBook3" duration-ms="15" started-at="2019-02-27T12:08:55Z" data-provider="dataTest3" finished-at="2019-02-27T12:08:55Z">
          <params>
            <param index="0">
              <value>
                <![CDATA[1]]>
              </value>
            </param>
            <param index="1">
              <value>
                <![CDATA[!@#]]>
              </value>
            </param>
            <param index="2">
              <value>
                <![CDATA[??c Nhân Tâm]]>
              </value>
            </param>
            <param index="3">
              <value>
                <![CDATA[1]]>
              </value>
            </param>
            <param index="4">
              <value>
                <![CDATA[abc]]>
              </value>
            </param>
            <param index="5">
              <value>
                <![CDATA[20]]>
              </value>
            </param>
            <param index="6">
              <value>
                <![CDATA[300000]]>
              </value>
            </param>
            <param index="7">
              <value>
                <![CDATA[200]]>
              </value>
            </param>
            <param index="8">
              <value>
                <![CDATA[1]]>
              </value>
            </param>
          </params>
          <reporter-output>
          </reporter-output>
        </test-method> <!-- addBook3 -->
        <test-method status="PASS" signature="deleteAll()[pri:0, instance:com.angile.LibraryTest.BookTest@3ffc5af1]" name="deleteAll" is-config="true" duration-ms="32" started-at="2019-02-27T12:08:55Z" finished-at="2019-02-27T12:08:55Z">
          <reporter-output>
          </reporter-output>
        </test-method> <!-- deleteAll -->
        <test-method status="PASS" signature="deleteAll()[pri:0, instance:com.angile.LibraryTest.BookTest@3ffc5af1]" name="deleteAll" is-config="true" duration-ms="31" started-at="2019-02-27T12:08:55Z" finished-at="2019-02-27T12:08:55Z">
          <reporter-output>
          </reporter-output>
        </test-method> <!-- deleteAll -->
        <test-method status="PASS" signature="addBook3(java.lang.String, java.lang.String, java.lang.String, java.lang.String, java.lang.String, java.lang.String, java.lang.String, java.lang.String, java.lang.String)[pri:0, instance:com.angile.LibraryTest.BookTest@3ffc5af1]" name="addBook3" duration-ms="0" started-at="2019-02-27T12:08:55Z" data-provider="dataTest3" finished-at="2019-02-27T12:08:55Z">
          <params>
            <param index="0">
              <value>
                <![CDATA[1]]>
              </value>
            </param>
            <param index="1">
              <value>
                <![CDATA[1]]>
              </value>
            </param>
            <param index="2">
              <value>
                <![CDATA[??c Nhân Tâm]]>
              </value>
            </param>
            <param index="3">
              <value>
                <![CDATA[-1]]>
              </value>
            </param>
            <param index="4">
              <value>
                <![CDATA[abc]]>
              </value>
            </param>
            <param index="5">
              <value>
                <![CDATA[20]]>
              </value>
            </param>
            <param index="6">
              <value>
                <![CDATA[300000]]>
              </value>
            </param>
            <param index="7">
              <value>
                <![CDATA[200]]>
              </value>
            </param>
            <param index="8">
              <value>
                <![CDATA[1]]>
              </value>
            </param>
          </params>
          <reporter-output>
          </reporter-output>
        </test-method> <!-- addBook3 -->
        <test-method status="PASS" signature="deleteAll()[pri:0, instance:com.angile.LibraryTest.BookTest@3ffc5af1]" name="deleteAll" is-config="true" duration-ms="31" started-at="2019-02-27T12:08:55Z" finished-at="2019-02-27T12:08:55Z">
          <reporter-output>
          </reporter-output>
        </test-method> <!-- deleteAll -->
        <test-method status="PASS" signature="addBook3(java.lang.String, java.lang.String, java.lang.String, java.lang.String, java.lang.String, java.lang.String, java.lang.String, java.lang.String, java.lang.String)[pri:0, instance:com.angile.LibraryTest.BookTest@3ffc5af1]" name="addBook3" duration-ms="0" started-at="2019-02-27T12:08:55Z" data-provider="dataTest3" finished-at="2019-02-27T12:08:55Z">
          <params>
            <param index="0">
              <value>
                <![CDATA[1]]>
              </value>
            </param>
            <param index="1">
              <value>
                <![CDATA[1]]>
              </value>
            </param>
            <param index="2">
              <value>
                <![CDATA[??c Nhân Tâm]]>
              </value>
            </param>
            <param index="3">
              <value>
                <![CDATA[abc]]>
              </value>
            </param>
            <param index="4">
              <value>
                <![CDATA[abc]]>
              </value>
            </param>
            <param index="5">
              <value>
                <![CDATA[20]]>
              </value>
            </param>
            <param index="6">
              <value>
                <![CDATA[300000]]>
              </value>
            </param>
            <param index="7">
              <value>
                <![CDATA[200]]>
              </value>
            </param>
            <param index="8">
              <value>
                <![CDATA[1]]>
              </value>
            </param>
          </params>
          <reporter-output>
          </reporter-output>
        </test-method> <!-- addBook3 -->
        <test-method status="PASS" signature="addBook3(java.lang.String, java.lang.String, java.lang.String, java.lang.String, java.lang.String, java.lang.String, java.lang.String, java.lang.String, java.lang.String)[pri:0, instance:com.angile.LibraryTest.BookTest@3ffc5af1]" name="addBook3" duration-ms="0" started-at="2019-02-27T12:08:55Z" data-provider="dataTest3" finished-at="2019-02-27T12:08:55Z">
          <params>
            <param index="0">
              <value>
                <![CDATA[1]]>
              </value>
            </param>
            <param index="1">
              <value>
                <![CDATA[1]]>
              </value>
            </param>
            <param index="2">
              <value>
                <![CDATA[??c Nhân Tâm]]>
              </value>
            </param>
            <param index="3">
              <value>
                <![CDATA[!@#]]>
              </value>
            </param>
            <param index="4">
              <value>
                <![CDATA[abc]]>
              </value>
            </param>
            <param index="5">
              <value>
                <![CDATA[20]]>
              </value>
            </param>
            <param index="6">
              <value>
                <![CDATA[300000]]>
              </value>
            </param>
            <param index="7">
              <value>
                <![CDATA[200]]>
              </value>
            </param>
            <param index="8">
              <value>
                <![CDATA[1]]>
              </value>
            </param>
          </params>
          <reporter-output>
          </reporter-output>
        </test-method> <!-- addBook3 -->
        <test-method status="FAIL" signature="afterTest()[pri:0, instance:com.angile.LibraryTest.ThemeTest@26653222]" name="afterTest" is-config="true" duration-ms="0" started-at="2019-02-27T12:08:56Z" finished-at="2019-02-27T12:08:56Z">
          <exception class="java.lang.NullPointerException">
            <full-stacktrace>
              <![CDATA[java.lang.NullPointerException
at com.angile.LibraryTest.ThemeTest.afterTest(ThemeTest.java:37)
at sun.reflect.NativeMethodAccessorImpl.invoke0(Native Method)
at sun.reflect.NativeMethodAccessorImpl.invoke(Unknown Source)
at sun.reflect.DelegatingMethodAccessorImpl.invoke(Unknown Source)
at java.lang.reflect.Method.invoke(Unknown Source)
at org.testng.internal.MethodInvocationHelper.invokeMethod(MethodInvocationHelper.java:124)
at org.testng.internal.MethodInvocationHelper.invokeMethodConsideringTimeout(MethodInvocationHelper.java:59)
at org.testng.internal.Invoker.invokeConfigurationMethod(Invoker.java:455)
at org.testng.internal.Invoker.invokeConfigurations(Invoker.java:222)
at org.testng.internal.Invoker.invokeConfigurations(Invoker.java:142)
at org.testng.TestRunner.afterRun(TestRunner.java:725)
at org.testng.TestRunner.run(TestRunner.java:509)
at org.testng.SuiteRunner.runTest(SuiteRunner.java:455)
at org.testng.SuiteRunner.runSequentially(SuiteRunner.java:450)
at org.testng.SuiteRunner.privateRun(SuiteRunner.java:415)
at org.testng.SuiteRunner.run(SuiteRunner.java:364)
at org.testng.SuiteRunnerWorker.runSuite(SuiteRunnerWorker.java:52)
at org.testng.SuiteRunnerWorker.run(SuiteRunnerWorker.java:84)
at org.testng.TestNG.runSuitesSequentially(TestNG.java:1208)
at org.testng.TestNG.runSuitesLocally(TestNG.java:1137)
at org.testng.TestNG.runSuites(TestNG.java:1049)
at org.testng.TestNG.run(TestNG.java:1017)
at org.testng.remote.AbstractRemoteTestNG.run(AbstractRemoteTestNG.java:114)
at org.testng.remote.RemoteTestNG.initAndRun(RemoteTestNG.java:251)
at org.testng.remote.RemoteTestNG.main(RemoteTestNG.java:77)
]]>
            </full-stacktrace>
          </exception> <!-- java.lang.NullPointerException -->
          <reporter-output>
          </reporter-output>
        </test-method> <!-- afterTest -->
        <test-method status="PASS" signature="afterTest()[pri:0, instance:com.angile.LibraryTest.PlubhingTest@5e5792a0]" name="afterTest" is-config="true" duration-ms="0" started-at="2019-02-27T12:08:56Z" finished-at="2019-02-27T12:08:56Z">
          <reporter-output>
          </reporter-output>
        </test-method> <!-- afterTest -->
        <test-method status="PASS" signature="afterTest()[pri:0, instance:com.angile.LibraryTest.BookTest@3ffc5af1]" name="afterTest" is-config="true" duration-ms="0" started-at="2019-02-27T12:08:56Z" finished-at="2019-02-27T12:08:56Z">
          <reporter-output>
          </reporter-output>
        </test-method> <!-- afterTest -->
      </class> <!-- com.angile.LibraryTest.BookTest -->
      <class name="com.angile.LibraryTest.ThemeTest">
        <test-method status="FAIL" signature="addTheme(java.lang.String)[pri:0, instance:com.angile.LibraryTest.ThemeTest@26653222]" name="addTheme" duration-ms="125" started-at="2019-02-27T12:08:55Z" data-provider="dataTest" finished-at="2019-02-27T12:08:56Z">
          <params>
            <param index="0">
              <value>
                <![CDATA[Sách Thi?u Nhi]]>
              </value>
            </param>
          </params>
          <exception class="java.lang.AssertionError">
            <message>
              <![CDATA[expected [true] but found [false]]]>
            </message>
            <full-stacktrace>
              <![CDATA[java.lang.AssertionError: expected [true] but found [false]
at org.testng.Assert.fail(Assert.java:96)
at org.testng.Assert.failNotEquals(Assert.java:776)
at org.testng.Assert.assertEqualsImpl(Assert.java:137)
at org.testng.Assert.assertEquals(Assert.java:118)
at org.testng.Assert.assertEquals(Assert.java:568)
at org.testng.Assert.assertEquals(Assert.java:578)
at com.angile.LibraryTest.ThemeTest.addTheme(ThemeTest.java:27)
at sun.reflect.NativeMethodAccessorImpl.invoke0(Native Method)
at sun.reflect.NativeMethodAccessorImpl.invoke(Unknown Source)
at sun.reflect.DelegatingMethodAccessorImpl.invoke(Unknown Source)
at java.lang.reflect.Method.invoke(Unknown Source)
at org.testng.internal.MethodInvocationHelper.invokeMethod(MethodInvocationHelper.java:124)
at org.testng.internal.Invoker.invokeMethod(Invoker.java:580)
at org.testng.internal.Invoker.invokeTestMethod(Invoker.java:716)
at org.testng.internal.Invoker.invokeTestMethods(Invoker.java:988)
at org.testng.internal.TestMethodWorker.invokeTestMethods(TestMethodWorker.java:125)
at org.testng.internal.TestMethodWorker.run(TestMethodWorker.java:109)
at org.testng.TestRunner.privateRun(TestRunner.java:648)
at org.testng.TestRunner.run(TestRunner.java:505)
at org.testng.SuiteRunner.runTest(SuiteRunner.java:455)
at org.testng.SuiteRunner.runSequentially(SuiteRunner.java:450)
at org.testng.SuiteRunner.privateRun(SuiteRunner.java:415)
at org.testng.SuiteRunner.run(SuiteRunner.java:364)
at org.testng.SuiteRunnerWorker.runSuite(SuiteRunnerWorker.java:52)
at org.testng.SuiteRunnerWorker.run(SuiteRunnerWorker.java:84)
at org.testng.TestNG.runSuitesSequentially(TestNG.java:1208)
at org.testng.TestNG.runSuitesLocally(TestNG.java:1137)
at org.testng.TestNG.runSuites(TestNG.java:1049)
at org.testng.TestNG.run(TestNG.java:1017)
at org.testng.remote.AbstractRemoteTestNG.run(AbstractRemoteTestNG.java:114)
at org.testng.remote.RemoteTestNG.initAndRun(RemoteTestNG.java:251)
at org.testng.remote.RemoteTestNG.main(RemoteTestNG.java:77)
]]>
            </full-stacktrace>
          </exception> <!-- java.lang.AssertionError -->
          <reporter-output>
          </reporter-output>
        </test-method> <!-- addTheme -->
        <test-method status="FAIL" signature="addTheme(java.lang.String)[pri:0, instance:com.angile.LibraryTest.ThemeTest@26653222]" name="addTheme" duration-ms="0" started-at="2019-02-27T12:08:56Z" data-provider="dataTest" finished-at="2019-02-27T12:08:56Z">
          <params>
            <param index="0">
              <value is-null="true"/>
            </param>
          </params>
          <exception class="java.lang.AssertionError">
            <message>
              <![CDATA[expected [true] but found [false]]]>
            </message>
            <full-stacktrace>
              <![CDATA[java.lang.AssertionError: expected [true] but found [false]
at org.testng.Assert.fail(Assert.java:96)
at org.testng.Assert.failNotEquals(Assert.java:776)
at org.testng.Assert.assertEqualsImpl(Assert.java:137)
at org.testng.Assert.assertEquals(Assert.java:118)
at org.testng.Assert.assertEquals(Assert.java:568)
at org.testng.Assert.assertEquals(Assert.java:578)
at com.angile.LibraryTest.ThemeTest.addTheme(ThemeTest.java:27)
at sun.reflect.NativeMethodAccessorImpl.invoke0(Native Method)
at sun.reflect.NativeMethodAccessorImpl.invoke(Unknown Source)
at sun.reflect.DelegatingMethodAccessorImpl.invoke(Unknown Source)
at java.lang.reflect.Method.invoke(Unknown Source)
at org.testng.internal.MethodInvocationHelper.invokeMethod(MethodInvocationHelper.java:124)
at org.testng.internal.Invoker.invokeMethod(Invoker.java:580)
at org.testng.internal.Invoker.invokeTestMethod(Invoker.java:716)
at org.testng.internal.Invoker.invokeTestMethods(Invoker.java:988)
at org.testng.internal.TestMethodWorker.invokeTestMethods(TestMethodWorker.java:125)
at org.testng.internal.TestMethodWorker.run(TestMethodWorker.java:109)
at org.testng.TestRunner.privateRun(TestRunner.java:648)
at org.testng.TestRunner.run(TestRunner.java:505)
at org.testng.SuiteRunner.runTest(SuiteRunner.java:455)
at org.testng.SuiteRunner.runSequentially(SuiteRunner.java:450)
at org.testng.SuiteRunner.privateRun(SuiteRunner.java:415)
at org.testng.SuiteRunner.run(SuiteRunner.java:364)
at org.testng.SuiteRunnerWorker.runSuite(SuiteRunnerWorker.java:52)
at org.testng.SuiteRunnerWorker.run(SuiteRunnerWorker.java:84)
at org.testng.TestNG.runSuitesSequentially(TestNG.java:1208)
at org.testng.TestNG.runSuitesLocally(TestNG.java:1137)
at org.testng.TestNG.runSuites(TestNG.java:1049)
at org.testng.TestNG.run(TestNG.java:1017)
at org.testng.remote.AbstractRemoteTestNG.run(AbstractRemoteTestNG.java:114)
at org.testng.remote.RemoteTestNG.initAndRun(RemoteTestNG.java:251)
at org.testng.remote.RemoteTestNG.main(RemoteTestNG.java:77)
]]>
            </full-stacktrace>
          </exception> <!-- java.lang.AssertionError -->
          <reporter-output>
          </reporter-output>
        </test-method> <!-- addTheme -->
      </class> <!-- com.angile.LibraryTest.ThemeTest -->
    </test> <!-- Library Test -->
  </suite> <!-- Test Suite -->
</testng-results>
